<?xml version="1.0" encoding="UTF-8"?>
<robot generator="Robot 7.3.2 (Python 3.12.0 on darwin)" generated="2026-03-22T23:29:36.080789" rpa="false" schemaversion="5">
<suite id="s1" name="Generated Test" source="/Users/yasarahmed/Documents/project/Ai_test/generated_test.robot">
<test id="s1-t1" name="Perform Sequence Of Loading, Checks, PV Adjustments, And Tapping" line="6">
<kw name="Load Tds" owner="keywords">
<kw name="Log To Console" owner="BuiltIn">
<arg>Tds Loaded with ncfg</arg>
<doc>Logs the given message to the console.</doc>
<status status="PASS" start="2026-03-22T23:29:36.091075" elapsed="0.000113"/>
</kw>
<status status="PASS" start="2026-03-22T23:29:36.090873" elapsed="0.000359"/>
</kw>
<kw name="Check Cylinder Temperature" owner="keywords">
<kw name="Log To Console" owner="BuiltIn">
<arg>Checking temp</arg>
<doc>Logs the given message to the console.</doc>
<status status="PASS" start="2026-03-22T23:29:36.091394" elapsed="0.000053"/>
</kw>
<status status="PASS" start="2026-03-22T23:29:36.091305" elapsed="0.000167"/>
</kw>
<kw name="Set Pv" owner="keywords">
<kw name="Log To Console" owner="BuiltIn">
<arg>DC Power Set</arg>
<doc>Logs the given message to the console.</doc>
<status status="PASS" start="2026-03-22T23:29:36.091600" elapsed="0.000044"/>
</kw>
<status status="PASS" start="2026-03-22T23:29:36.091528" elapsed="0.000137"/>
</kw>
<kw name="Check Cylinder Temperature" owner="keywords">
<kw name="Log To Console" owner="BuiltIn">
<arg>Checking temp</arg>
<doc>Logs the given message to the console.</doc>
<status status="PASS" start="2026-03-22T23:29:36.091786" elapsed="0.000050"/>
</kw>
<status status="PASS" start="2026-03-22T23:29:36.091715" elapsed="0.000141"/>
</kw>
<kw name="Tap Water" owner="keywords">
<kw name="Log To Console" owner="BuiltIn">
<arg>Tap water</arg>
<doc>Logs the given message to the console.</doc>
<status status="PASS" start="2026-03-22T23:29:36.091971" elapsed="0.000041"/>
</kw>
<status status="PASS" start="2026-03-22T23:29:36.091903" elapsed="0.000128"/>
</kw>
<kw name="Set Pv" owner="keywords">
<kw name="Log To Console" owner="BuiltIn">
<arg>DC Power Set</arg>
<doc>Logs the given message to the console.</doc>
<status status="PASS" start="2026-03-22T23:29:36.092147" elapsed="0.000039"/>
</kw>
<status status="PASS" start="2026-03-22T23:29:36.092078" elapsed="0.000127"/>
</kw>
<status status="PASS" start="2026-03-22T23:29:36.090573" elapsed="0.001675"/>
</test>
<status status="PASS" start="2026-03-22T23:29:36.081846" elapsed="0.010551"/>
</suite>
<statistics>
<total>
<stat pass="1" fail="0" skip="0">All Tests</stat>
</total>
<tag>
</tag>
<suite>
<stat name="Generated Test" id="s1" pass="1" fail="0" skip="0">Generated Test</stat>
</suite>
</statistics>
<errors>
</errors>
</robot>
